chol_nccs_2013                          : INVALID
hnsc_mdanderson_2013                    : INVALID
hcc_inserm_fr_2015                      : INVALID
um_qimr_2016                            : INVALID
nbl_amc_2012                            : INVALID
npc_nusingapore                         : INVALID
tet_nci_2014                            : INVALID
nbl_ucologne_2015                       : INVALID
mds_tokyo_2011                          : INVALID
panet_shanghai_2013                     : INVALID
plmeso_nyu_2015                         : INVALID
past_dkfz_heidelberg_2013               : INVALID
lihc_riken                              : INVALID
mbl_icgc                                : INVALID
mbl_sickkids_2016                       : INVALID
kirc_bgi                                : INVALID
liad_inserm_fr_2014                     : INVALID
blca_dfarber_mskcc_2014                 : INVALID
nccrcc_genentech_2014                   : INVALID
stad_pfizer_uhongkong                   : INVALID
dlbc_broad_2012                         : INVALID
mixed_allen_2018                        : INVALID
ccrcc_utokyo_2013                       : INVALID
chol_jhu_2013                           : INVALID
skcm_broad_dfarber                      : INVALID
skcm_broad_brafresist_2012              : INVALID
paac_jhu_2014                           : INVALID
rms_nih_2014                            : INVALID
egc_tmucih_2015                         : INVALID
panet_arcnet_2017                       : INVALID
pcnsl_mayo_2015                         : INVALID
mm_broad                                : INVALID
nbl_broad_2013                          : INVALID
mrt_bcgsc_2016                          : INVALID
gbc_shanghai_2014                       : INVALID
luad_mskcc_2015                         : INVALID
mbl_broad_2012                          : INVALID
acyc_jhu_2016                           : INVALID
blca_mskcc_solit_2014                   : INVALID
blca_nmibc_2017                         : INVALID
brca_broad                              : INVALID
ccrcc_irc_2014                          : INVALID
cllsll_icgc_2011                        : INVALID
cscc_dfarber_2015                       : INVALID
desm_broad_2015                         : INVALID
es_iocurie_2014                         : INVALID
cscc_hgsc_bcm_2014                      : INVALID
dlbcl_dfci_2018                         : INVALID
hcc_msk_venturaa_2018                   : INVALID
gbc_msk_2018                            : INVALID
lihc_amc_prv                            : INVALID
luad_tsp                                : INVALID
mbl_pcgp                                : INVALID
paad_icgc                               : INVALID
msk_impact_2017                         : INVALID
paad_utsw_2015                          : INVALID
panet_jhu_2011                          : INVALID
sclc_clcgp                              : INVALID
skcm_broad                              : INVALID
uccc_nih_2017                           : INVALID
nsclc_unito_2016                        : INVALID
mpnst_mskcc                             : INVALID
tmb_mskcc_2018                          : INVALID
ov_tcga_pub                             : VALID
lgggbm_tcga_pub                         : INVALID
odg_msk_2017                            : INVALID
gct_msk_2016                            : INVALID
coad_caseccc_2015                       : INVALID
mpn_cimr_2013                           : INVALID
ccrcc_dfci_2019                         : INVALID
lung_msk_2017                           : INVALID
nsclc_pd1_msk_2018                      : INVALID
urcc_mskcc_2016                         : INVALID
egc_msk_2017                            : INVALID
chol_msk_2018                           : INVALID
utuc_mskcc_2015                         : INVALID
mel_ucla_2016                           : INVALID
brca_bccrc_xenograft_2014               : INVALID
coadread_genentech                      : INVALID
dlbcl_duke_2017                         : INVALID
blca_plasmacytoid_mskcc_2016            : INVALID
coadread_mskcc                          : INVALID
hcc_mskimpact_2018                      : INVALID
breast_msk_2018                         : INVALID
lcll_broad_2013                         : INVALID
lymphoma_cellline_msk_2020              : INVALID
luad_broad                              : INVALID
cfdna_msk_2019                          : INVALID
glioma_mskcc_2019                       : INVALID
brca_mbcproject_wagle_2017              : INVALID
chol_nus_2012                           : INVALID
gbm_columbia_2019                       : INVALID
sarc_tcga_pub                           : VALID
skcm_mskcc_2014                         : VALID
rt_target_2018_pub                      : VALID
skcm_dfci_2015                          : VALID
prad_mskcc                              : INVALID
hnc_mskcc_2016                          : INVALID
sclc_ucologne_2015                      : VALID
coadread_tcga_pub                       : VALID
es_dfarber_broad_2014                   : INVALID
sclc_cancercell_gardner_2017            : INVALID
brca_tcga_pub                           : VALID
wt_target_2018_pub                      : VALID
bcc_unige_2016                          : INVALID
escc_icgc                               : INVALID
skcm_vanderbilt_mskcc_2015              : INVALID
glioma_msk_2018                         : INVALID
prad_cdk12_mskcc_2020                   : INVALID
stad_utokyo                             : INVALID
prad_mpcproject_2018                    : INVALID
utuc_cornell_baylor_mdacc_2019          : INVALID
pptc_2019                               : INVALID
utuc_msk_2019                           : INVALID
utuc_pdx_msk_2019                       : INVALID
usarc_msk_2020                          : INVALID
stad_tcga_pub                           : VALID
mel_tsam_liang_2017                     : INVALID
nbl_target_2018_pub                     : VALID
mbn_mdacc_2013                          : VALID
prad_eururol_2017                       : INVALID
ctcl_columbia_2015                      : INVALID
blca_mskcc_solit_2012                   : VALID
prad_su2c_2015                          : INVALID
blca_tcga_pub                           : VALID
aml_ohsu_2018                           : VALID
laml_tcga_pub                           : VALID
hnsc_tcga_pub                           : VALID
luad_tcga_pub                           : VALID
lusc_tcga_pub                           : INVALID
mcl_idibips_2013                        : INVALID
pact_jhu_2011                           : INVALID
crc_msk_2017                            : INVALID
nsclc_tracerx_2017                      : INVALID
esca_broad                              : INVALID
mds_mskcc_2020                          : INVALID
stad_uhongkong                          : INVALID
lung_msk_pdx                            : INVALID
hnsc_jhu                                : INVALID
cll_broad_2015                          : INVALID
nhl_bcgsc_2011                          : INVALID
luad_oncosg_2020                        : VALID
nhl_bcgsc_2013                          : INVALID
cll_iuopa_2015                          : INVALID
sarc_mskcc                              : INVALID
stad_oncosg_2018                        : INVALID
prad_mich                               : INVALID
acc_tcga                                : VALID
cesc_tcga                               : VALID
chol_tcga                               : VALID
brca_tcga_pub2015                       : VALID
kich_tcga_pub                           : VALID
thca_tcga_pub                           : VALID
nsclc_tcga_broad_2016                   : INVALID
esca_tcga                               : VALID
gbm_tcga                                : VALID
hnsc_tcga                               : VALID
kirp_tcga                               : VALID
lusc_tcga                               : VALID
meso_tcga                               : INVALID
thym_tcga                               : VALID
thca_tcga                               : VALID
ucs_tcga                                : INVALID
uvm_tcga                                : VALID
skcm_yale                               : INVALID
skcm_tcga                               : VALID
paad_tcga                               : VALID
pcpg_tcga                               : INVALID
prad_tcga                               : VALID
stad_tcga                               : VALID
tgct_tcga                               : VALID
gbm_tcga_pub2013                        : VALID
nepc_wcm_2016                           : INVALID
prad_broad                              : INVALID
prad_broad_2013                         : INVALID
brca_bccrc                              : INVALID
brca_igr_2015                           : INVALID
bfn_duke_nus_2015                       : INVALID
rbl_cfdna_msk_2020                      : INVALID
chol_tcga_pan_can_atlas_2018            : INVALID
prad_fhcrc                              : INVALID
prad_mskcc_2014                         : INVALID
prad_tcga_pub                           : INVALID
ucec_tcga_pub                           : VALID
prad_mskcc_2017                         : INVALID
prad_p1000                              : INVALID
ucec_msk_2018                           : INVALID
prad_mskcc_cheny1_organoids_2014        : INVALID
acc_tcga_pan_can_atlas_2018             : VALID
kich_tcga_pan_can_atlas_2018            : VALID
kirc_tcga_pan_can_atlas_2018            : VALID
laml_tcga_pan_can_atlas_2018            : VALID
lgg_tcga_pan_can_atlas_2018             : VALID
lihc_tcga_pan_can_atlas_2018            : VALID
lusc_tcga_pan_can_atlas_2018            : VALID
meso_tcga_pan_can_atlas_2018            : VALID
paad_tcga_pan_can_atlas_2018            : VALID
blca_msk_tcga_2020                      : VALID
pcpg_tcga_pan_can_atlas_2018            : VALID
prad_tcga_pan_can_atlas_2018            : VALID
sarc_tcga_pan_can_atlas_2018            : VALID
skcm_tcga_pan_can_atlas_2018            : VALID
tgct_tcga_pan_can_atlas_2018            : VALID
thca_tcga_pan_can_atlas_2018            : VALID
thym_tcga_pan_can_atlas_2018            : VALID
ucs_tcga_pan_can_atlas_2018             : VALID
uvm_tcga_pan_can_atlas_2018             : VALID
escc_ucla_2014                          : INVALID
gbm_tcga_pub                            : VALID
blca_tcga                               : VALID
angs_painter_2020                       : INVALID
kirc_tcga                               : VALID
dlbc_tcga                               : VALID
kirc_tcga_pub                           : VALID
coadread_dfci_2016                      : INVALID
dlbc_tcga_pan_can_atlas_2018            : VALID
esca_tcga_pan_can_atlas_2018            : VALID
mnm_washu_2016                          : INVALID
scco_mskcc                              : INVALID
ucs_jhu_2014                            : INVALID
vsc_cuk_2018                            : INVALID
breast_alpelisib_2020                   : INVALID
brca_smc_2018                           : INVALID
ucec_tcga_pan_can_atlas_2018            : VALID
histiocytosis_cobi_msk_2019             : INVALID
blca_tcga_pan_can_atlas_2018            : VALID
brca_tcga_pan_can_atlas_2018            : VALID
cesc_tcga_pan_can_atlas_2018            : VALID
coadread_tcga_pan_can_atlas_2018        : VALID
hnsc_tcga_pan_can_atlas_2018            : VALID
stad_tcga_pan_can_atlas_2018            : VALID
skcm_tcga_pub_2015                      : INVALID
kirp_tcga_pan_can_atlas_2018            : VALID
luad_tcga_pan_can_atlas_2018            : VALID
gbm_mayo_pdx_sarkaria_2019              : VALID
brca_mskcc_2019                         : INVALID
nsclc_mskcc_2018                        : INVALID
egc_trap_msk_2020                       : INVALID
prad_mcspc_mskcc_2020                   : INVALID
gct_msk_2020                            : INVALID
cellline_nci60                          : INVALID
brca_metabric                           : VALID
stes_tcga_pub                           : INVALID
pcpg_tcga_pub                           : INVALID
summit_2018                             : INVALID
mixed_pipseq_2017                       : INVALID
prad_su2c_2019                          : VALID
metastatic_solid_tumors_mich_2017       : INVALID
coad_cptac_2019                         : VALID
ntrk_msk_2019                           : INVALID
msk_ch_2020                             : INVALID
cellline_ccle_broad                     : INVALID
lgg_tcga                                : VALID
lihc_tcga                               : VALID
luad_tcga                               : VALID
ov_tcga                                 : VALID
lgg_ucsf_2014                           : INVALID
hnsc_broad                              : INVALID
blca_bgi                                : INVALID
gbm_tcga_pan_can_atlas_2018             : VALID
ccle_broad_2019                         : INVALID
nsclc_mskcc_2015                        : INVALID
sarc_tcga                               : VALID
ucec_tcga                               : VALID
sclc_jhu                                : INVALID
thyroid_mskcc_2016                      : INVALID
paad_qcmg_uq_2016                       : INVALID
ov_tcga_pan_can_atlas_2018              : VALID
pediatric_dkfz_2017                     : INVALID
prostate_dkfz_2018                      : INVALID
prad_msk_2019                           : INVALID
rectal_msk_2019                         : INVALID
prad_cpcg_2017                          : INVALID
blca_tcga_pub_2017                      : VALID
ihch_smmu_2014                          : INVALID
laml_tcga                               : VALID
brca_tcga                               : VALID
kich_tcga                               : VALID
coadread_tcga                           : VALID
brca_sanger                             : INVALID
brca_jup_msk_2020                       : INVALID
all_stjude_2015                         : INVALID
ampca_bcm_2016                          : INVALID
all_stjude_2013                         : INVALID
acbc_mskcc_2015                         : INVALID
acyc_mskcc_2013                         : INVALID
acyc_fmi_2014                           : INVALID
acyc_mda_2015                           : INVALID
acyc_mgh_2016                           : INVALID
acyc_sanger_2013                        : INVALID
all_stjude_2016                         : INVALID
angs_project_painter_2018               : INVALID
all_phase2_target_2018_pub              : VALID
aml_target_2018_pub                     : VALID
blca_cornell_2016                       : INVALID
acc_2019                                : INVALID
